<?xml version="1.0" encoding="UTF-8"?>
<!-- Generated by org.testng.reporters.JUnitReportReporter -->
<testsuite hostname="QLDBRISLP18" failures="0" tests="3" name="testRunners.TestRunner_testAPI" time="7.007" errors="0" timestamp="14 Jul. 2019 12:07:34 GMT" skipped="0">
  <testcase classname="testRunners.TestRunner_testAPI" name="feature" time="3.672"/>
  <testcase classname="testRunners.TestRunner_testAPI" name="feature" time="2.167"/>
  <testcase classname="testRunners.TestRunner_testAPI" name="feature" time="1.168"/>
</testsuite> <!-- testRunners.TestRunner_testAPI -->
