<?xml version="1.0" encoding="UTF-8"?>
<!-- Generated by org.testng.reporters.JUnitReportReporter -->
<testsuite hostname="QLDBRISLP18" failures="0" tests="1" name="com.apitest.NewTest" time="1.708" errors="0" timestamp="2 Jul 2019 06:31:03 GMT">
  <testcase classname="com.apitest.NewTest" name="getWeatherDetails" time="1.708"/>
</testsuite> <!-- com.apitest.NewTest -->
